
Currently Loaded Modules:
  1) libevent/2.1.12   3) cuda/11.2.2   5) openmpi/4.1.1   7) boost/1.77.0
  2) pmix/1.2.5        4) ucx/1.11.0    6) eigen/3.3.7

 


Analysis started: Tue Oct  5 00:31:12 2021

***********************************************
* BayesRRcmd                                  *
* Complex Trait Genetics group UNIL           *
*                                             *
* MIT License                                 *
***********************************************

INFO   : OMP parallel regions will use 1 thread(s)
INFO   : Full dataset includes Mtot=6542 markers and Ntot=382390 individuals.
INFO   : rank    0 will handle a block of   6542 markers starting at 0
INFO   : marker length in bytes (snpLenByt) = 95598 bytes.
INFO   : rank   0 cumulated read time at  1/ 1:   2.089 sec, avg time   2.089, BW =   0.299 GB/s
INFO   : rank   0 took 19.534 seconds to load  625402116 bytes  =>  BW =   0.032 GB/s
INFO   : time to preprocess the data: 21.309 seconds.
sizeof(double) = 8 vs sizeof(long double) = 16
Probabilities of the mixture components 0.05  0.7 0.25
Variance of the mixture components   0 0.1   1
beta_true(1): 0.0105207
beta_true(2): 0
beta_true(3): 0.146265
signal_normalization_const: 1.7787
eta_EM new:        0
0.316377
 3.16377
y_phen(1): 0.121731
beta_v(1): 1.38824
-0.00204438 0.00232205
-0.00204709 0.00232221
corr(beta_true, beta_v): -0.0525406
counter: 50
data.y.mean(): 0
ITERATION NO.0
(not relevant for real data) ||beta-muk*beta_true||/ ||beta_true||: 1
(not relevant for real data) l2 prediction error normalized (beta_true): 1.64732
(not relevant for real data) ||beta-muk*beta_true||/ sqrt(M): 1
l2 prediction error: 101.854
(not relevant for real data) l2 beta_true prediction error: 61.8299
l2 prediction error / sqrt(Ntot) : 0.164711
y_phen abs mean: 0.131309
beta_v abs mean: 0.00265978
linf prediction error: 0.816353
R2: -4.5562e-07
<beta^(k), beta>/||beta^(k)|| / ||beta||: -nan
sigma^2/muk^2: 0
sigma: 0.0271555, sigma_analytic: -1 | muk: 0.891448
b: 0.0202663 | scale: 618.377


ITERATION NO.1
(not relevant for real data) ||beta-muk*beta_true||/ ||beta_true||: 0.145186
(not relevant for real data) l2 prediction error normalized (beta_true): 1.00693
(not relevant for real data) ||beta-muk*beta_true||/ sqrt(M): 0.145186
l2 prediction error: 62.2586
(not relevant for real data) l2 beta_true prediction error: 61.8299
l2 prediction error / sqrt(Ntot) : 0.100681
y_phen abs mean: 0.131309
beta_v abs mean: 0.648521
linf prediction error: 0.502874
R2: 0.626367
<beta^(k), beta>/||beta^(k)|| / ||beta||: 0.987295
sigma^2/muk^2: 0.0341716
sigma: 0.0105248, sigma_analytic: -nan | muk: 0.995983
b: 0.0180196 | scale: 618.377


ITERATION NO.2
(not relevant for real data) ||beta-muk*beta_true||/ ||beta_true||: 0.101601
(not relevant for real data) l2 prediction error normalized (beta_true): 0.991952
(not relevant for real data) ||beta-muk*beta_true||/ sqrt(M): 0.101601
l2 prediction error: 61.3323
(not relevant for real data) l2 beta_true prediction error: 61.8299
l2 prediction error / sqrt(Ntot) : 0.0991828
y_phen abs mean: 0.131309
beta_v abs mean: 0.664972
linf prediction error: 0.5169
R2: 0.637402
<beta^(k), beta>/||beta^(k)|| / ||beta||: 0.99492
sigma^2/muk^2: 0.0106098
sigma: 0.0102054, sigma_analytic: -nan | muk: 0.993287
b: 0.0180622 | scale: 618.377


ITERATION NO.3
(not relevant for real data) ||beta-muk*beta_true||/ ||beta_true||: 0.0997721
(not relevant for real data) l2 prediction error normalized (beta_true): 0.991567
(not relevant for real data) ||beta-muk*beta_true||/ sqrt(M): 0.0997721
l2 prediction error: 61.3085
(not relevant for real data) l2 beta_true prediction error: 61.8299
l2 prediction error / sqrt(Ntot) : 0.0991443
y_phen abs mean: 0.131309
beta_v abs mean: 0.665527
linf prediction error: 0.517616
R2: 0.637683
<beta^(k), beta>/||beta^(k)|| / ||beta||: 0.995075
sigma^2/muk^2: 0.0103438
sigma: 0.0101972, sigma_analytic: -nan | muk: 0.994457
b: 0.0180399 | scale: 618.377


ITERATION NO.4
(not relevant for real data) ||beta-muk*beta_true||/ ||beta_true||: 0.0998616
(not relevant for real data) l2 prediction error normalized (beta_true): 0.991554
(not relevant for real data) ||beta-muk*beta_true||/ sqrt(M): 0.0998616
l2 prediction error: 61.3077
(not relevant for real data) l2 beta_true prediction error: 61.8299
l2 prediction error / sqrt(Ntot) : 0.0991429
y_phen abs mean: 0.131309
beta_v abs mean: 0.665646
linf prediction error: 0.517275
R2: 0.637693
<beta^(k), beta>/||beta^(k)|| / ||beta||: 0.995077
sigma^2/muk^2: 0.0103112
sigma: 0.0101964, sigma_analytic: -nan | muk: 0.994592
b: 0.0180372 | scale: 618.377


ITERATION NO.5
(not relevant for real data) ||beta-muk*beta_true||/ ||beta_true||: 0.099885
(not relevant for real data) l2 prediction error normalized (beta_true): 0.991553
(not relevant for real data) ||beta-muk*beta_true||/ sqrt(M): 0.099885
l2 prediction error: 61.3076
(not relevant for real data) l2 beta_true prediction error: 61.8299
l2 prediction error / sqrt(Ntot) : 0.0991428
y_phen abs mean: 0.131309
beta_v abs mean: 0.665667
linf prediction error: 0.517194
R2: 0.637694
<beta^(k), beta>/||beta^(k)|| / ||beta||: 0.995076
sigma^2/muk^2: 0.0103076
sigma: 0.0101963, sigma_analytic: -nan | muk: 0.994613
b: 0.0180368 | scale: 618.377


ITERATION NO.6
(not relevant for real data) ||beta-muk*beta_true||/ ||beta_true||: 0.0998898
(not relevant for real data) l2 prediction error normalized (beta_true): 0.991553
(not relevant for real data) ||beta-muk*beta_true||/ sqrt(M): 0.0998898
l2 prediction error: 61.3076
(not relevant for real data) l2 beta_true prediction error: 61.8299
l2 prediction error / sqrt(Ntot) : 0.0991428
y_phen abs mean: 0.131309
beta_v abs mean: 0.665671
linf prediction error: 0.517178
R2: 0.637694
<beta^(k), beta>/||beta^(k)|| / ||beta||: 0.995076
sigma^2/muk^2: 0.0103071
sigma: 0.0101963, sigma_analytic: -nan | muk: 0.994618
b: 0.0180367 | scale: 618.377


ITERATION NO.7
(not relevant for real data) ||beta-muk*beta_true||/ ||beta_true||: 0.0998906
(not relevant for real data) l2 prediction error normalized (beta_true): 0.991553
(not relevant for real data) ||beta-muk*beta_true||/ sqrt(M): 0.0998906
l2 prediction error: 61.3076
(not relevant for real data) l2 beta_true prediction error: 61.8299
l2 prediction error / sqrt(Ntot) : 0.0991428
y_phen abs mean: 0.131309
beta_v abs mean: 0.665672
linf prediction error: 0.517175
R2: 0.637694
<beta^(k), beta>/||beta^(k)|| / ||beta||: 0.995076
sigma^2/muk^2: 0.010307
sigma: 0.0101963, sigma_analytic: -nan | muk: 0.994619
b: 0.0180367 | scale: 618.377


ITERATION NO.8
(not relevant for real data) ||beta-muk*beta_true||/ ||beta_true||: 0.0998908
(not relevant for real data) l2 prediction error normalized (beta_true): 0.991553
(not relevant for real data) ||beta-muk*beta_true||/ sqrt(M): 0.0998908
l2 prediction error: 61.3076
(not relevant for real data) l2 beta_true prediction error: 61.8299
l2 prediction error / sqrt(Ntot) : 0.0991428
y_phen abs mean: 0.131309
beta_v abs mean: 0.665672
linf prediction error: 0.517174
R2: 0.637694
<beta^(k), beta>/||beta^(k)|| / ||beta||: 0.995076
sigma^2/muk^2: 0.010307
sigma: 0.0101963, sigma_analytic: -nan | muk: 0.994619
b: 0.0180366 | scale: 618.377


ITERATION NO.9
(not relevant for real data) ||beta-muk*beta_true||/ ||beta_true||: 0.0998909
(not relevant for real data) l2 prediction error normalized (beta_true): 0.991553
(not relevant for real data) ||beta-muk*beta_true||/ sqrt(M): 0.0998909
l2 prediction error: 61.3076
(not relevant for real data) l2 beta_true prediction error: 61.8299
l2 prediction error / sqrt(Ntot) : 0.0991428
y_phen abs mean: 0.131309
beta_v abs mean: 0.665672
linf prediction error: 0.517174
R2: 0.637694
<beta^(k), beta>/||beta^(k)|| / ||beta||: 0.995076
sigma^2/muk^2: 0.0103069
sigma: 0.0101963, sigma_analytic: -nan | muk: 0.994619
b: 0.0180366 | scale: 618.377


ITERATION NO.10
(not relevant for real data) ||beta-muk*beta_true||/ ||beta_true||: 0.0998909
(not relevant for real data) l2 prediction error normalized (beta_true): 0.991553
(not relevant for real data) ||beta-muk*beta_true||/ sqrt(M): 0.0998909
l2 prediction error: 61.3076
(not relevant for real data) l2 beta_true prediction error: 61.8299
l2 prediction error / sqrt(Ntot) : 0.0991428
y_phen abs mean: 0.131309
beta_v abs mean: 0.665672
linf prediction error: 0.517174
R2: 0.637694
<beta^(k), beta>/||beta^(k)|| / ||beta||: 0.995076
sigma^2/muk^2: 0.0103069
sigma: 0.0101963, sigma_analytic: -nan | muk: 0.994619
b: 0.0180366 | scale: 618.377


ITERATION NO.11
(not relevant for real data) ||beta-muk*beta_true||/ ||beta_true||: 0.0998909
(not relevant for real data) l2 prediction error normalized (beta_true): 0.991553
(not relevant for real data) ||beta-muk*beta_true||/ sqrt(M): 0.0998909
l2 prediction error: 61.3076
(not relevant for real data) l2 beta_true prediction error: 61.8299
l2 prediction error / sqrt(Ntot) : 0.0991428
y_phen abs mean: 0.131309
beta_v abs mean: 0.665672
linf prediction error: 0.517174
R2: 0.637694
<beta^(k), beta>/||beta^(k)|| / ||beta||: 0.995076
sigma^2/muk^2: 0.0103069
sigma: 0.0101963, sigma_analytic: -nan | muk: 0.994619
b: 0.0180366 | scale: 618.377


ITERATION NO.12
(not relevant for real data) ||beta-muk*beta_true||/ ||beta_true||: 0.0998909
(not relevant for real data) l2 prediction error normalized (beta_true): 0.991553
(not relevant for real data) ||beta-muk*beta_true||/ sqrt(M): 0.0998909
l2 prediction error: 61.3076
(not relevant for real data) l2 beta_true prediction error: 61.8299
l2 prediction error / sqrt(Ntot) : 0.0991428
y_phen abs mean: 0.131309
beta_v abs mean: 0.665672
linf prediction error: 0.517174
R2: 0.637694
<beta^(k), beta>/||beta^(k)|| / ||beta||: 0.995076
sigma^2/muk^2: 0.0103069
sigma: 0.0101963, sigma_analytic: -nan | muk: 0.994619
b: 0.0180366 | scale: 618.377


ITERATION NO.13
(not relevant for real data) ||beta-muk*beta_true||/ ||beta_true||: 0.0998909
(not relevant for real data) l2 prediction error normalized (beta_true): 0.991553
(not relevant for real data) ||beta-muk*beta_true||/ sqrt(M): 0.0998909
l2 prediction error: 61.3076
(not relevant for real data) l2 beta_true prediction error: 61.8299
l2 prediction error / sqrt(Ntot) : 0.0991428
y_phen abs mean: 0.131309
beta_v abs mean: 0.665672
linf prediction error: 0.517174
R2: 0.637694
<beta^(k), beta>/||beta^(k)|| / ||beta||: 0.995076
sigma^2/muk^2: 0.0103069
sigma: 0.0101963, sigma_analytic: -nan | muk: 0.994619
b: 0.0180366 | scale: 618.377


ITERATION NO.14
(not relevant for real data) ||beta-muk*beta_true||/ ||beta_true||: 0.0998909
(not relevant for real data) l2 prediction error normalized (beta_true): 0.991553
(not relevant for real data) ||beta-muk*beta_true||/ sqrt(M): 0.0998909
l2 prediction error: 61.3076
(not relevant for real data) l2 beta_true prediction error: 61.8299
l2 prediction error / sqrt(Ntot) : 0.0991428
y_phen abs mean: 0.131309
beta_v abs mean: 0.665672
linf prediction error: 0.517174
R2: 0.637694
<beta^(k), beta>/||beta^(k)|| / ||beta||: 0.995076
sigma^2/muk^2: 0.0103069
sigma: 0.0101963, sigma_analytic: -nan | muk: 0.994619
b: 0.0180366 | scale: 618.377


ITERATION NO.15
(not relevant for real data) ||beta-muk*beta_true||/ ||beta_true||: 0.0998909
(not relevant for real data) l2 prediction error normalized (beta_true): 0.991553
(not relevant for real data) ||beta-muk*beta_true||/ sqrt(M): 0.0998909
l2 prediction error: 61.3076
(not relevant for real data) l2 beta_true prediction error: 61.8299
l2 prediction error / sqrt(Ntot) : 0.0991428
y_phen abs mean: 0.131309
beta_v abs mean: 0.665672
linf prediction error: 0.517174
R2: 0.637694
<beta^(k), beta>/||beta^(k)|| / ||beta||: 0.995076
sigma^2/muk^2: 0.0103069
sigma: 0.0101963, sigma_analytic: -nan | muk: 0.994619
b: 0.0180366 | scale: 618.377


ITERATION NO.16
(not relevant for real data) ||beta-muk*beta_true||/ ||beta_true||: 0.0998909
(not relevant for real data) l2 prediction error normalized (beta_true): 0.991553
(not relevant for real data) ||beta-muk*beta_true||/ sqrt(M): 0.0998909
l2 prediction error: 61.3076
(not relevant for real data) l2 beta_true prediction error: 61.8299
l2 prediction error / sqrt(Ntot) : 0.0991428
y_phen abs mean: 0.131309
beta_v abs mean: 0.665672
linf prediction error: 0.517174
R2: 0.637694
<beta^(k), beta>/||beta^(k)|| / ||beta||: 0.995076
sigma^2/muk^2: 0.0103069
sigma: 0.0101963, sigma_analytic: -nan | muk: 0.994619
b: 0.0180366 | scale: 618.377


ITERATION NO.17
(not relevant for real data) ||beta-muk*beta_true||/ ||beta_true||: 0.0998909
(not relevant for real data) l2 prediction error normalized (beta_true): 0.991553
(not relevant for real data) ||beta-muk*beta_true||/ sqrt(M): 0.0998909
l2 prediction error: 61.3076
(not relevant for real data) l2 beta_true prediction error: 61.8299
l2 prediction error / sqrt(Ntot) : 0.0991428
y_phen abs mean: 0.131309
beta_v abs mean: 0.665672
linf prediction error: 0.517174
R2: 0.637694
<beta^(k), beta>/||beta^(k)|| / ||beta||: 0.995076
sigma^2/muk^2: 0.0103069
sigma: 0.0101963, sigma_analytic: -nan | muk: 0.994619
b: 0.0180366 | scale: 618.377


ITERATION NO.18
(not relevant for real data) ||beta-muk*beta_true||/ ||beta_true||: 0.0998909
(not relevant for real data) l2 prediction error normalized (beta_true): 0.991553
(not relevant for real data) ||beta-muk*beta_true||/ sqrt(M): 0.0998909
l2 prediction error: 61.3076
(not relevant for real data) l2 beta_true prediction error: 61.8299
l2 prediction error / sqrt(Ntot) : 0.0991428
y_phen abs mean: 0.131309
beta_v abs mean: 0.665672
linf prediction error: 0.517174
R2: 0.637694
<beta^(k), beta>/||beta^(k)|| / ||beta||: 0.995076
sigma^2/muk^2: 0.0103069
sigma: 0.0101963, sigma_analytic: -nan | muk: 0.994619
b: 0.0180366 | scale: 618.377


ITERATION NO.19
(not relevant for real data) ||beta-muk*beta_true||/ ||beta_true||: 0.0998909
(not relevant for real data) l2 prediction error normalized (beta_true): 0.991553
(not relevant for real data) ||beta-muk*beta_true||/ sqrt(M): 0.0998909
l2 prediction error: 61.3076
(not relevant for real data) l2 beta_true prediction error: 61.8299
l2 prediction error / sqrt(Ntot) : 0.0991428
y_phen abs mean: 0.131309
beta_v abs mean: 0.665672
linf prediction error: 0.517174
R2: 0.637694
<beta^(k), beta>/||beta^(k)|| / ||beta||: 0.995076
sigma^2/muk^2: 0.0103069
sigma: 0.0101963, sigma_analytic: -nan | muk: 0.994619
b: 0.0180366 | scale: 618.377


ITERATION NO.20
(not relevant for real data) ||beta-muk*beta_true||/ ||beta_true||: 0.0998909
(not relevant for real data) l2 prediction error normalized (beta_true): 0.991553
(not relevant for real data) ||beta-muk*beta_true||/ sqrt(M): 0.0998909
l2 prediction error: 61.3076
(not relevant for real data) l2 beta_true prediction error: 61.8299
l2 prediction error / sqrt(Ntot) : 0.0991428
y_phen abs mean: 0.131309
beta_v abs mean: 0.665672
linf prediction error: 0.517174
R2: 0.637694
<beta^(k), beta>/||beta^(k)|| / ||beta||: 0.995076
sigma^2/muk^2: 0.0103069
sigma: 0.0101963, sigma_analytic: -nan | muk: 0.994619
b: 0.0180366 | scale: 618.377


ITERATION NO.21
(not relevant for real data) ||beta-muk*beta_true||/ ||beta_true||: 0.0998909
(not relevant for real data) l2 prediction error normalized (beta_true): 0.991553
(not relevant for real data) ||beta-muk*beta_true||/ sqrt(M): 0.0998909
l2 prediction error: 61.3076
(not relevant for real data) l2 beta_true prediction error: 61.8299
l2 prediction error / sqrt(Ntot) : 0.0991428
y_phen abs mean: 0.131309
beta_v abs mean: 0.665672
linf prediction error: 0.517174
R2: 0.637694
<beta^(k), beta>/||beta^(k)|| / ||beta||: 0.995076
sigma^2/muk^2: 0.0103069
sigma: 0.0101963, sigma_analytic: -nan | muk: 0.994619
b: 0.0180366 | scale: 618.377


ITERATION NO.22
(not relevant for real data) ||beta-muk*beta_true||/ ||beta_true||: 0.0998909
(not relevant for real data) l2 prediction error normalized (beta_true): 0.991553
(not relevant for real data) ||beta-muk*beta_true||/ sqrt(M): 0.0998909
l2 prediction error: 61.3076
(not relevant for real data) l2 beta_true prediction error: 61.8299
l2 prediction error / sqrt(Ntot) : 0.0991428
y_phen abs mean: 0.131309
beta_v abs mean: 0.665672
linf prediction error: 0.517174
R2: 0.637694
<beta^(k), beta>/||beta^(k)|| / ||beta||: 0.995076
sigma^2/muk^2: 0.0103069
sigma: 0.0101963, sigma_analytic: -nan | muk: 0.994619
b: 0.0180366 | scale: 618.377


ITERATION NO.23
(not relevant for real data) ||beta-muk*beta_true||/ ||beta_true||: 0.0998909
(not relevant for real data) l2 prediction error normalized (beta_true): 0.991553
(not relevant for real data) ||beta-muk*beta_true||/ sqrt(M): 0.0998909
l2 prediction error: 61.3076
(not relevant for real data) l2 beta_true prediction error: 61.8299
l2 prediction error / sqrt(Ntot) : 0.0991428
y_phen abs mean: 0.131309
beta_v abs mean: 0.665672
linf prediction error: 0.517174
R2: 0.637694
<beta^(k), beta>/||beta^(k)|| / ||beta||: 0.995076
sigma^2/muk^2: 0.0103069
sigma: 0.0101963, sigma_analytic: -nan | muk: 0.994619
b: 0.0180366 | scale: 618.377


ITERATION NO.24
(not relevant for real data) ||beta-muk*beta_true||/ ||beta_true||: 0.0998909
(not relevant for real data) l2 prediction error normalized (beta_true): 0.991553
(not relevant for real data) ||beta-muk*beta_true||/ sqrt(M): 0.0998909
l2 prediction error: 61.3076
(not relevant for real data) l2 beta_true prediction error: 61.8299
l2 prediction error / sqrt(Ntot) : 0.0991428
y_phen abs mean: 0.131309
beta_v abs mean: 0.665672
linf prediction error: 0.517174
R2: 0.637694
<beta^(k), beta>/||beta^(k)|| / ||beta||: 0.995076
sigma^2/muk^2: 0.0103069
sigma: 0.0101963, sigma_analytic: -nan | muk: 0.994619
b: 0.0180366 | scale: 618.377


ITERATION NO.25
(not relevant for real data) ||beta-muk*beta_true||/ ||beta_true||: 0.0998909
(not relevant for real data) l2 prediction error normalized (beta_true): 0.991553
(not relevant for real data) ||beta-muk*beta_true||/ sqrt(M): 0.0998909
l2 prediction error: 61.3076
(not relevant for real data) l2 beta_true prediction error: 61.8299
l2 prediction error / sqrt(Ntot) : 0.0991428
y_phen abs mean: 0.131309
beta_v abs mean: 0.665672
linf prediction error: 0.517174
R2: 0.637694
<beta^(k), beta>/||beta^(k)|| / ||beta||: 0.995076
sigma^2/muk^2: 0.0103069
sigma: 0.0101963, sigma_analytic: -nan | muk: 0.994619
b: 0.0180366 | scale: 618.377


ITERATION NO.26
(not relevant for real data) ||beta-muk*beta_true||/ ||beta_true||: 0.0998909
(not relevant for real data) l2 prediction error normalized (beta_true): 0.991553
(not relevant for real data) ||beta-muk*beta_true||/ sqrt(M): 0.0998909
l2 prediction error: 61.3076
(not relevant for real data) l2 beta_true prediction error: 61.8299
l2 prediction error / sqrt(Ntot) : 0.0991428
y_phen abs mean: 0.131309
beta_v abs mean: 0.665672
linf prediction error: 0.517174
R2: 0.637694
<beta^(k), beta>/||beta^(k)|| / ||beta||: 0.995076
sigma^2/muk^2: 0.0103069
sigma: 0.0101963, sigma_analytic: -nan | muk: 0.994619
b: 0.0180366 | scale: 618.377


ITERATION NO.27
(not relevant for real data) ||beta-muk*beta_true||/ ||beta_true||: 0.0998909
(not relevant for real data) l2 prediction error normalized (beta_true): 0.991553
(not relevant for real data) ||beta-muk*beta_true||/ sqrt(M): 0.0998909
l2 prediction error: 61.3076
(not relevant for real data) l2 beta_true prediction error: 61.8299
l2 prediction error / sqrt(Ntot) : 0.0991428
y_phen abs mean: 0.131309
beta_v abs mean: 0.665672
linf prediction error: 0.517174
R2: 0.637694
<beta^(k), beta>/||beta^(k)|| / ||beta||: 0.995076
sigma^2/muk^2: 0.0103069
sigma: 0.0101963, sigma_analytic: -nan | muk: 0.994619
b: 0.0180366 | scale: 618.377


ITERATION NO.28
(not relevant for real data) ||beta-muk*beta_true||/ ||beta_true||: 0.0998909
(not relevant for real data) l2 prediction error normalized (beta_true): 0.991553
(not relevant for real data) ||beta-muk*beta_true||/ sqrt(M): 0.0998909
l2 prediction error: 61.3076
(not relevant for real data) l2 beta_true prediction error: 61.8299
l2 prediction error / sqrt(Ntot) : 0.0991428
y_phen abs mean: 0.131309
beta_v abs mean: 0.665672
linf prediction error: 0.517174
R2: 0.637694
<beta^(k), beta>/||beta^(k)|| / ||beta||: 0.995076
sigma^2/muk^2: 0.0103069
sigma: 0.0101963, sigma_analytic: -nan | muk: 0.994619
b: 0.0180366 | scale: 618.377


ITERATION NO.29
(not relevant for real data) ||beta-muk*beta_true||/ ||beta_true||: 0.0998909
(not relevant for real data) l2 prediction error normalized (beta_true): 0.991553
(not relevant for real data) ||beta-muk*beta_true||/ sqrt(M): 0.0998909
l2 prediction error: 61.3076
(not relevant for real data) l2 beta_true prediction error: 61.8299
l2 prediction error / sqrt(Ntot) : 0.0991428
y_phen abs mean: 0.131309
beta_v abs mean: 0.665672
linf prediction error: 0.517174
R2: 0.637694
<beta^(k), beta>/||beta^(k)|| / ||beta||: 0.995076
sigma^2/muk^2: 0.0103069
sigma: 0.0101963, sigma_analytic: -nan | muk: 0.994619
b: 0.0180366 | scale: 618.377


ITERATION NO.30
(not relevant for real data) ||beta-muk*beta_true||/ ||beta_true||: 0.0998909
(not relevant for real data) l2 prediction error normalized (beta_true): 0.991553
(not relevant for real data) ||beta-muk*beta_true||/ sqrt(M): 0.0998909
l2 prediction error: 61.3076
(not relevant for real data) l2 beta_true prediction error: 61.8299
l2 prediction error / sqrt(Ntot) : 0.0991428
y_phen abs mean: 0.131309
beta_v abs mean: 0.665672
linf prediction error: 0.517174
R2: 0.637694
<beta^(k), beta>/||beta^(k)|| / ||beta||: 0.995076
sigma^2/muk^2: 0.0103069
sigma: 0.0101963, sigma_analytic: -nan | muk: 0.994619
b: 0.0180366 | scale: 618.377


ITERATION NO.31
(not relevant for real data) ||beta-muk*beta_true||/ ||beta_true||: 0.0998909
(not relevant for real data) l2 prediction error normalized (beta_true): 0.991553
(not relevant for real data) ||beta-muk*beta_true||/ sqrt(M): 0.0998909
l2 prediction error: 61.3076
(not relevant for real data) l2 beta_true prediction error: 61.8299
l2 prediction error / sqrt(Ntot) : 0.0991428
y_phen abs mean: 0.131309
beta_v abs mean: 0.665672
linf prediction error: 0.517174
R2: 0.637694
<beta^(k), beta>/||beta^(k)|| / ||beta||: 0.995076
sigma^2/muk^2: 0.0103069
sigma: 0.0101963, sigma_analytic: -nan | muk: 0.994619
b: 0.0180366 | scale: 618.377


ITERATION NO.32
(not relevant for real data) ||beta-muk*beta_true||/ ||beta_true||: 0.0998909
(not relevant for real data) l2 prediction error normalized (beta_true): 0.991553
(not relevant for real data) ||beta-muk*beta_true||/ sqrt(M): 0.0998909
l2 prediction error: 61.3076
(not relevant for real data) l2 beta_true prediction error: 61.8299
l2 prediction error / sqrt(Ntot) : 0.0991428
y_phen abs mean: 0.131309
beta_v abs mean: 0.665672
linf prediction error: 0.517174
R2: 0.637694
<beta^(k), beta>/||beta^(k)|| / ||beta||: 0.995076
sigma^2/muk^2: 0.0103069
sigma: 0.0101963, sigma_analytic: -nan | muk: 0.994619
b: 0.0180366 | scale: 618.377


ITERATION NO.33
(not relevant for real data) ||beta-muk*beta_true||/ ||beta_true||: 0.0998909
(not relevant for real data) l2 prediction error normalized (beta_true): 0.991553
(not relevant for real data) ||beta-muk*beta_true||/ sqrt(M): 0.0998909
l2 prediction error: 61.3076
(not relevant for real data) l2 beta_true prediction error: 61.8299
l2 prediction error / sqrt(Ntot) : 0.0991428
y_phen abs mean: 0.131309
beta_v abs mean: 0.665672
linf prediction error: 0.517174
R2: 0.637694
<beta^(k), beta>/||beta^(k)|| / ||beta||: 0.995076
sigma^2/muk^2: 0.0103069
sigma: 0.0101963, sigma_analytic: -nan | muk: 0.994619
b: 0.0180366 | scale: 618.377


ITERATION NO.34
(not relevant for real data) ||beta-muk*beta_true||/ ||beta_true||: 0.0998909
(not relevant for real data) l2 prediction error normalized (beta_true): 0.991553
(not relevant for real data) ||beta-muk*beta_true||/ sqrt(M): 0.0998909
l2 prediction error: 61.3076
(not relevant for real data) l2 beta_true prediction error: 61.8299
l2 prediction error / sqrt(Ntot) : 0.0991428
y_phen abs mean: 0.131309
beta_v abs mean: 0.665672
linf prediction error: 0.517174
R2: 0.637694
<beta^(k), beta>/||beta^(k)|| / ||beta||: 0.995076
sigma^2/muk^2: 0.0103069
sigma: 0.0101963, sigma_analytic: -nan | muk: 0.994619
b: 0.0180366 | scale: 618.377


ITERATION NO.35
(not relevant for real data) ||beta-muk*beta_true||/ ||beta_true||: 0.0998909
(not relevant for real data) l2 prediction error normalized (beta_true): 0.991553
(not relevant for real data) ||beta-muk*beta_true||/ sqrt(M): 0.0998909
l2 prediction error: 61.3076
(not relevant for real data) l2 beta_true prediction error: 61.8299
l2 prediction error / sqrt(Ntot) : 0.0991428
y_phen abs mean: 0.131309
beta_v abs mean: 0.665672
linf prediction error: 0.517174
R2: 0.637694
<beta^(k), beta>/||beta^(k)|| / ||beta||: 0.995076
sigma^2/muk^2: 0.0103069
sigma: 0.0101963, sigma_analytic: -nan | muk: 0.994619
b: 0.0180366 | scale: 618.377


ITERATION NO.36
(not relevant for real data) ||beta-muk*beta_true||/ ||beta_true||: 0.0998909
(not relevant for real data) l2 prediction error normalized (beta_true): 0.991553
(not relevant for real data) ||beta-muk*beta_true||/ sqrt(M): 0.0998909
l2 prediction error: 61.3076
(not relevant for real data) l2 beta_true prediction error: 61.8299
l2 prediction error / sqrt(Ntot) : 0.0991428
y_phen abs mean: 0.131309
beta_v abs mean: 0.665672
linf prediction error: 0.517174
R2: 0.637694
<beta^(k), beta>/||beta^(k)|| / ||beta||: 0.995076
sigma^2/muk^2: 0.0103069
sigma: 0.0101963, sigma_analytic: -nan | muk: 0.994619
b: 0.0180366 | scale: 618.377


ITERATION NO.37
(not relevant for real data) ||beta-muk*beta_true||/ ||beta_true||: 0.0998909
(not relevant for real data) l2 prediction error normalized (beta_true): 0.991553
(not relevant for real data) ||beta-muk*beta_true||/ sqrt(M): 0.0998909
l2 prediction error: 61.3076
(not relevant for real data) l2 beta_true prediction error: 61.8299
l2 prediction error / sqrt(Ntot) : 0.0991428
y_phen abs mean: 0.131309
beta_v abs mean: 0.665672
linf prediction error: 0.517174
R2: 0.637694
<beta^(k), beta>/||beta^(k)|| / ||beta||: 0.995076
sigma^2/muk^2: 0.0103069
sigma: 0.0101963, sigma_analytic: -nan | muk: 0.994619
b: 0.0180366 | scale: 618.377


ITERATION NO.38
(not relevant for real data) ||beta-muk*beta_true||/ ||beta_true||: 0.0998909
(not relevant for real data) l2 prediction error normalized (beta_true): 0.991553
(not relevant for real data) ||beta-muk*beta_true||/ sqrt(M): 0.0998909
l2 prediction error: 61.3076
(not relevant for real data) l2 beta_true prediction error: 61.8299
l2 prediction error / sqrt(Ntot) : 0.0991428
y_phen abs mean: 0.131309
beta_v abs mean: 0.665672
linf prediction error: 0.517174
R2: 0.637694
<beta^(k), beta>/||beta^(k)|| / ||beta||: 0.995076
sigma^2/muk^2: 0.0103069
sigma: 0.0101963, sigma_analytic: -nan | muk: 0.994619
b: 0.0180366 | scale: 618.377


ITERATION NO.39
(not relevant for real data) ||beta-muk*beta_true||/ ||beta_true||: 0.0998909
(not relevant for real data) l2 prediction error normalized (beta_true): 0.991553
(not relevant for real data) ||beta-muk*beta_true||/ sqrt(M): 0.0998909
l2 prediction error: 61.3076
(not relevant for real data) l2 beta_true prediction error: 61.8299
l2 prediction error / sqrt(Ntot) : 0.0991428
y_phen abs mean: 0.131309
beta_v abs mean: 0.665672
linf prediction error: 0.517174
R2: 0.637694
<beta^(k), beta>/||beta^(k)|| / ||beta||: 0.995076
sigma^2/muk^2: 0.0103069
sigma: 0.0101963, sigma_analytic: -nan | muk: 0.994619
b: 0.0180366 | scale: 618.377


FINAL ERROR MEAURES:
counter: 137
pi_EM: 
       0
0.743401
0.256599
eta_EM: 
    -nan
0.283073
   3.089
(not relevant for real data) ||beta-muk*beta_true||/ ||beta_true||: 0.0998909
(not relevant for real data) l2 prediction error normalized (beta_true): 0.991553
(not relevant for real data) ||beta-muk*beta_true||/ sqrt(M): 0.0998909
l2 prediction error: 61.3076
l2 beta_true prediction error: 61.8299
l2 prediction error / sqrt(Ntot) : 0.0991428
y_phen abs mean: 0.131309
beta_v abs mean: 0.665672
linf prediction error: 0.517174
R2: 0.637694
<beta^(k), beta>/||beta^(k)|| / ||beta||: 0.995076
sigma^2/muk^2: 0.0103069
Writting 6542 coefficient values. beta_est(0): -0.793752
INFO   : rank    0, time to process the data: 418.344 sec, with 0.000 (0.000, 0.000) =  0.0% spent on allred (0, 0)

Analysis finished: Tue Oct  5 00:38:32 2021
Computational time: 0:7:20
